build/app/intermediates/manifest_merge_blame_file/release/manifest-merger-blame-release-report.txt
1<?xml version="1.0" encoding="utf-8"?>
2<manifest xmlns:android="http://schemas.android.com/apk/res/android"
3    package="com.bizzclain.fcl"
4    android:versionCode="1"
5    android:versionName="1.0.0" >
6
7    <uses-sdk
8        android:minSdkVersion="19"
8-->src/main/AndroidManifest.xml
9        android:targetSdkVersion="30" />
9-->src/main/AndroidManifest.xml
10
11    <uses-feature android:name="android.hardware.camera" />
11-->src/main/AndroidManifest.xml:4:2-57
11-->src/main/AndroidManifest.xml:4:16-54
12
13    <uses-permission android:name="android.permission.INTERNET" />
13-->src/main/AndroidManifest.xml:5:2-64
13-->src/main/AndroidManifest.xml:5:19-61
14    <uses-permission android:name="android.permission.CAMERA" />
14-->src/main/AndroidManifest.xml:6:2-62
14-->src/main/AndroidManifest.xml:6:19-59
15    <uses-permission android:name="android.permission.VIBRATE" />
15-->src/main/AndroidManifest.xml:7:2-63
15-->src/main/AndroidManifest.xml:7:19-60
16
17    <queries>
17-->src/main/AndroidManifest.xml:59:2-65:11
18        <intent>
18-->src/main/AndroidManifest.xml:60:3-64:10
19            <action android:name="android.intent.action.VIEW" />
19-->src/main/AndroidManifest.xml:61:3-55
19-->src/main/AndroidManifest.xml:61:11-52
20
21            <category android:name="android.intent.category.BROWSABLE" />
21-->src/main/AndroidManifest.xml:62:3-64
21-->src/main/AndroidManifest.xml:62:13-61
22
23            <data android:scheme="https" />
23-->src/main/AndroidManifest.xml:63:3-34
23-->src/main/AndroidManifest.xml:63:9-31
24        </intent>
25    </queries>
26
27    <uses-permission android:name="android.permission.ACCESS_NETWORK_STATE" />
27-->[:firebase_analytics] AndroidManifest.xml:7:5-79
27-->[:firebase_analytics] AndroidManifest.xml:7:22-76
28    <uses-permission android:name="android.permission.WAKE_LOCK" />
28-->[:firebase_analytics] AndroidManifest.xml:9:5-68
28-->[:firebase_analytics] AndroidManifest.xml:9:22-65
29    <uses-permission android:name="android.permission.RECEIVE_BOOT_COMPLETED" />
29-->[:flutter_local_notifications] AndroidManifest.xml:7:5-81
29-->[:flutter_local_notifications] AndroidManifest.xml:7:22-78
30    <uses-permission android:name="android.permission.USE_FULL_SCREEN_INTENT" />
30-->[:flutter_local_notifications] AndroidManifest.xml:9:5-81
30-->[:flutter_local_notifications] AndroidManifest.xml:9:22-78
31    <uses-permission android:name="android.permission.SCHEDULE_EXACT_ALARM" />
31-->[:flutter_local_notifications] AndroidManifest.xml:10:5-79
31-->[:flutter_local_notifications] AndroidManifest.xml:10:22-76
32    <uses-permission android:name="android.permission.POST_NOTIFICATIONS" /> <!-- Required by older versions of Google Play services to create IID tokens -->
32-->[com.google.firebase:firebase-messaging:23.0.6] AndroidManifest.xml:26:5-77
32-->[com.google.firebase:firebase-messaging:23.0.6] AndroidManifest.xml:26:22-74
33    <uses-permission android:name="com.google.android.c2dm.permission.RECEIVE" />
33-->[com.google.firebase:firebase-messaging:23.0.6] AndroidManifest.xml:29:5-82
33-->[com.google.firebase:firebase-messaging:23.0.6] AndroidManifest.xml:29:22-79
34    <uses-permission android:name="com.google.android.gms.permission.AD_ID" />
34-->[com.google.android.gms:play-services-measurement-api:21.1.0] AndroidManifest.xml:25:5-79
34-->[com.google.android.gms:play-services-measurement-api:21.1.0] AndroidManifest.xml:25:22-76
35    <uses-permission android:name="com.google.android.finsky.permission.BIND_GET_INSTALL_REFERRER_SERVICE" />
35-->[com.google.android.gms:play-services-measurement:21.1.0] AndroidManifest.xml:26:5-110
35-->[com.google.android.gms:play-services-measurement:21.1.0] AndroidManifest.xml:26:22-107
36    <!--
37	io.flutter.app.FlutterApplication is an android.app.Application that
38	calls FlutterMain.startInitialization(this); in its onCreate method.
39	In most cases you can leave this as-is, but you if you want to provide
40	additional functionality it is fine to subclass or reimplement
41	FlutterApplication and put your custom class here.
42    -->
43    <application
43-->src/main/AndroidManifest.xml:15:2-58:16
44        android:appComponentFactory="androidx.core.app.CoreComponentFactory"
44-->[androidx.core:core:1.8.0] AndroidManifest.xml:24:18-86
45        android:icon="@mipmap/ic_launcher"
45-->src/main/AndroidManifest.xml:15:72-106
46        android:label="FCL"
46-->src/main/AndroidManifest.xml:15:52-71
47        android:usesCleartextTraffic="true" >
47-->src/main/AndroidManifest.xml:15:15-50
48        <activity
48-->src/main/AndroidManifest.xml:16:3-52:14
49            android:name="com.bizzclain.fcl.MainActivity"
49-->src/main/AndroidManifest.xml:16:13-41
50            android:configChanges="orientation|keyboardHidden|keyboard|screenSize|smallestScreenSize|locale|layoutDirection|fontScale|screenLayout|density|uiMode"
50-->src/main/AndroidManifest.xml:16:108-258
51            android:hardwareAccelerated="true"
51-->src/main/AndroidManifest.xml:16:259-293
52            android:launchMode="singleTop"
52-->src/main/AndroidManifest.xml:16:42-72
53            android:theme="@style/LaunchTheme"
53-->src/main/AndroidManifest.xml:16:73-107
54            android:windowSoftInputMode="adjustResize" >
54-->src/main/AndroidManifest.xml:16:294-336
55
56            <!--
57			Specifies an Android theme to apply to this Activity as soon as
58			the Android process has started. This theme is visible to the user
59			while the Flutter UI initializes. After that, this theme continues
60			to determine the Window background behind the Flutter UI.
61            -->
62
63
64            <!--
65    <meta-data
66    android:name="com.google.firebase.messaging.default_notification_channel"
67    android:value="@strings/default_notification_channel_id"/>
68            -->
69
70
71            <!--
72        <meta-data
73        android:name="com.google.firebase.messaging.default_notification_channel_id"
74        android:value="@string/default_notification_channel_id" />
75            -->
76
77            <meta-data
77-->src/main/AndroidManifest.xml:33:4-111
78                android:name="io.flutter.embedding.android.NormalTheme"
78-->src/main/AndroidManifest.xml:33:15-70
79                android:resource="@style/NormalTheme" />
79-->src/main/AndroidManifest.xml:33:71-108
80            <!--
81			Displays an Android View that continues showing the launch screen
82			Drawable until Flutter paints its first frame, then this splash
83			screen fades out. A splash screen is useful to avoid any visual
84			gap between the end of Android's launch screen and the painting of
85			Flutter's first frame.
86            -->
87
88            <meta-data
88-->src/main/AndroidManifest.xml:42:4-129
89                android:name="io.flutter.embedding.android.SplashScreenDrawable"
89-->src/main/AndroidManifest.xml:42:15-79
90                android:resource="@drawable/launch_background" />
90-->src/main/AndroidManifest.xml:42:80-126
91
92            <intent-filter>
92-->src/main/AndroidManifest.xml:43:4-46:20
93                <action android:name="android.intent.action.MAIN" />
93-->src/main/AndroidManifest.xml:44:5-57
93-->src/main/AndroidManifest.xml:44:13-54
94
95                <category android:name="android.intent.category.LAUNCHER" />
95-->src/main/AndroidManifest.xml:45:5-65
95-->src/main/AndroidManifest.xml:45:15-62
96            </intent-filter>
97            <!--
98            <intent-filter>
99				<action android:name="FLUTTER_NOTIFICATION_CLICK" />
100				<category android:name="android.intent.category.DEFAULT" />
101			</intent-filter>
102            -->
103
104        </activity>
105        <!--
106		Don't delete the meta-data below.
107		This is used by the Flutter tool to generate GeneratedPluginRegistrant.java
108        -->
109        <meta-data
109-->src/main/AndroidManifest.xml:57:3-66
110            android:name="flutterEmbedding"
110-->src/main/AndroidManifest.xml:57:14-45
111            android:value="2" />
111-->src/main/AndroidManifest.xml:57:46-63
112
113        <service
113-->[:firebase_analytics] AndroidManifest.xml:12:9-16:19
114            android:name="com.google.firebase.components.ComponentDiscoveryService"
114-->[:firebase_analytics] AndroidManifest.xml:12:18-89
115            android:directBootAware="true"
115-->[com.google.firebase:firebase-common:20.1.1] AndroidManifest.xml:35:13-43
116            android:exported="false" >
116-->[com.google.firebase:firebase-messaging:23.0.6] AndroidManifest.xml:55:13-37
117            <meta-data
117-->[:firebase_analytics] AndroidManifest.xml:13:13-15:85
118                android:name="com.google.firebase.components:io.flutter.plugins.firebase.analytics.FlutterFirebaseAppRegistrar"
118-->[:firebase_analytics] AndroidManifest.xml:14:17-128
119                android:value="com.google.firebase.components.ComponentRegistrar" />
119-->[:firebase_analytics] AndroidManifest.xml:15:17-82
120            <meta-data
120-->[:firebase_messaging] AndroidManifest.xml:34:13-36:85
121                android:name="com.google.firebase.components:io.flutter.plugins.firebase.messaging.FlutterFirebaseAppRegistrar"
121-->[:firebase_messaging] AndroidManifest.xml:35:17-128
122                android:value="com.google.firebase.components.ComponentRegistrar" />
122-->[:firebase_messaging] AndroidManifest.xml:36:17-82
123            <meta-data
123-->[:firebase_core] AndroidManifest.xml:9:13-11:85
124                android:name="com.google.firebase.components:io.flutter.plugins.firebase.core.FlutterFirebaseCoreRegistrar"
124-->[:firebase_core] AndroidManifest.xml:10:17-124
125                android:value="com.google.firebase.components.ComponentRegistrar" />
125-->[:firebase_core] AndroidManifest.xml:11:17-82
126            <meta-data
126-->[com.google.firebase:firebase-messaging:23.0.6] AndroidManifest.xml:56:13-58:85
127                android:name="com.google.firebase.components:com.google.firebase.messaging.FirebaseMessagingRegistrar"
127-->[com.google.firebase:firebase-messaging:23.0.6] AndroidManifest.xml:57:17-119
128                android:value="com.google.firebase.components.ComponentRegistrar" />
128-->[com.google.firebase:firebase-messaging:23.0.6] AndroidManifest.xml:58:17-82
129            <meta-data
129-->[com.google.android.gms:play-services-measurement-api:21.1.0] AndroidManifest.xml:31:13-33:85
130                android:name="com.google.firebase.components:com.google.firebase.analytics.connector.internal.AnalyticsConnectorRegistrar"
130-->[com.google.android.gms:play-services-measurement-api:21.1.0] AndroidManifest.xml:32:17-139
131                android:value="com.google.firebase.components.ComponentRegistrar" />
131-->[com.google.android.gms:play-services-measurement-api:21.1.0] AndroidManifest.xml:33:17-82
132            <meta-data
132-->[com.google.firebase:firebase-datatransport:18.1.5] AndroidManifest.xml:28:13-30:85
133                android:name="com.google.firebase.components:com.google.firebase.datatransport.TransportRegistrar"
133-->[com.google.firebase:firebase-datatransport:18.1.5] AndroidManifest.xml:29:17-115
134                android:value="com.google.firebase.components.ComponentRegistrar" />
134-->[com.google.firebase:firebase-datatransport:18.1.5] AndroidManifest.xml:30:17-82
135            <meta-data
135-->[com.google.firebase:firebase-installations:17.0.1] AndroidManifest.xml:18:13-20:85
136                android:name="com.google.firebase.components:com.google.firebase.installations.FirebaseInstallationsRegistrar"
136-->[com.google.firebase:firebase-installations:17.0.1] AndroidManifest.xml:19:17-127
137                android:value="com.google.firebase.components.ComponentRegistrar" />
137-->[com.google.firebase:firebase-installations:17.0.1] AndroidManifest.xml:20:17-82
138        </service>
139        <service
139-->[:firebase_messaging] AndroidManifest.xml:12:9-15:72
140            android:name="io.flutter.plugins.firebase.messaging.FlutterFirebaseMessagingBackgroundService"
140-->[:firebase_messaging] AndroidManifest.xml:13:13-107
141            android:exported="false"
141-->[:firebase_messaging] AndroidManifest.xml:14:13-37
142            android:permission="android.permission.BIND_JOB_SERVICE" />
142-->[:firebase_messaging] AndroidManifest.xml:15:13-69
143        <service
143-->[:firebase_messaging] AndroidManifest.xml:16:9-22:19
144            android:name="io.flutter.plugins.firebase.messaging.FlutterFirebaseMessagingService"
144-->[:firebase_messaging] AndroidManifest.xml:17:13-97
145            android:exported="false" >
145-->[:firebase_messaging] AndroidManifest.xml:18:13-37
146            <intent-filter>
146-->[:firebase_messaging] AndroidManifest.xml:19:13-21:29
147                <action android:name="com.google.firebase.MESSAGING_EVENT" />
147-->[:firebase_messaging] AndroidManifest.xml:20:17-78
147-->[:firebase_messaging] AndroidManifest.xml:20:25-75
148            </intent-filter>
149        </service>
150
151        <receiver
151-->[:firebase_messaging] AndroidManifest.xml:24:9-31:20
152            android:name="io.flutter.plugins.firebase.messaging.FlutterFirebaseMessagingReceiver"
152-->[:firebase_messaging] AndroidManifest.xml:25:13-98
153            android:exported="true"
153-->[:firebase_messaging] AndroidManifest.xml:26:13-36
154            android:permission="com.google.android.c2dm.permission.SEND" >
154-->[:firebase_messaging] AndroidManifest.xml:27:13-73
155            <intent-filter>
155-->[:firebase_messaging] AndroidManifest.xml:28:13-30:29
156                <action android:name="com.google.android.c2dm.intent.RECEIVE" />
156-->[:firebase_messaging] AndroidManifest.xml:29:17-81
156-->[:firebase_messaging] AndroidManifest.xml:29:25-78
157            </intent-filter>
158        </receiver>
159
160        <provider
160-->[:firebase_messaging] AndroidManifest.xml:39:9-43:38
161            android:name="io.flutter.plugins.firebase.messaging.FlutterFirebaseMessagingInitProvider"
161-->[:firebase_messaging] AndroidManifest.xml:40:13-102
162            android:authorities="com.bizzclain.fcl.flutterfirebasemessaginginitprovider"
162-->[:firebase_messaging] AndroidManifest.xml:41:13-88
163            android:exported="false"
163-->[:firebase_messaging] AndroidManifest.xml:42:13-37
164            android:initOrder="99" />
164-->[:firebase_messaging] AndroidManifest.xml:43:13-35
165        <provider
165-->[:image_picker_android] AndroidManifest.xml:8:9-16:20
166            android:name="io.flutter.plugins.imagepicker.ImagePickerFileProvider"
166-->[:image_picker_android] AndroidManifest.xml:9:13-82
167            android:authorities="com.bizzclain.fcl.flutter.image_provider"
167-->[:image_picker_android] AndroidManifest.xml:10:13-74
168            android:exported="false"
168-->[:image_picker_android] AndroidManifest.xml:11:13-37
169            android:grantUriPermissions="true" >
169-->[:image_picker_android] AndroidManifest.xml:12:13-47
170            <meta-data
170-->[:image_picker_android] AndroidManifest.xml:13:13-15:75
171                android:name="android.support.FILE_PROVIDER_PATHS"
171-->[:image_picker_android] AndroidManifest.xml:14:17-67
172                android:resource="@xml/flutter_image_picker_file_paths" />
172-->[:image_picker_android] AndroidManifest.xml:15:17-72
173        </provider>
174
175        <receiver
175-->[:flutter_local_notifications] AndroidManifest.xml:13:9-15:40
176            android:name="com.dexterous.flutterlocalnotifications.ScheduledNotificationReceiver"
176-->[:flutter_local_notifications] AndroidManifest.xml:14:13-97
177            android:exported="false" />
177-->[:flutter_local_notifications] AndroidManifest.xml:15:13-37
178        <receiver
178-->[:flutter_local_notifications] AndroidManifest.xml:16:9-25:20
179            android:name="com.dexterous.flutterlocalnotifications.ScheduledNotificationBootReceiver"
179-->[:flutter_local_notifications] AndroidManifest.xml:17:13-101
180            android:exported="false" >
180-->[:flutter_local_notifications] AndroidManifest.xml:18:13-37
181            <intent-filter>
181-->[:flutter_local_notifications] AndroidManifest.xml:19:13-24:29
182                <action android:name="android.intent.action.BOOT_COMPLETED" />
182-->[:flutter_local_notifications] AndroidManifest.xml:20:17-79
182-->[:flutter_local_notifications] AndroidManifest.xml:20:25-76
183                <action android:name="android.intent.action.MY_PACKAGE_REPLACED" />
183-->[:flutter_local_notifications] AndroidManifest.xml:21:17-84
183-->[:flutter_local_notifications] AndroidManifest.xml:21:25-81
184                <action android:name="android.intent.action.QUICKBOOT_POWERON" />
184-->[:flutter_local_notifications] AndroidManifest.xml:22:17-82
184-->[:flutter_local_notifications] AndroidManifest.xml:22:25-79
185                <action android:name="com.htc.intent.action.QUICKBOOT_POWERON" />
185-->[:flutter_local_notifications] AndroidManifest.xml:23:17-82
185-->[:flutter_local_notifications] AndroidManifest.xml:23:25-79
186            </intent-filter>
187        </receiver>
188
189        <activity
189-->[:url_launcher_android] AndroidManifest.xml:8:9-11:74
190            android:name="io.flutter.plugins.urllauncher.WebViewActivity"
190-->[:url_launcher_android] AndroidManifest.xml:9:13-74
191            android:exported="false"
191-->[:url_launcher_android] AndroidManifest.xml:10:13-37
192            android:theme="@android:style/Theme.NoTitleBar.Fullscreen" />
192-->[:url_launcher_android] AndroidManifest.xml:11:13-71
193
194        <uses-library
194-->[androidx.window:window:1.0.0-beta04] AndroidManifest.xml:25:9-27:40
195            android:name="androidx.window.extensions"
195-->[androidx.window:window:1.0.0-beta04] AndroidManifest.xml:26:13-54
196            android:required="false" />
196-->[androidx.window:window:1.0.0-beta04] AndroidManifest.xml:27:13-37
197        <uses-library
197-->[androidx.window:window:1.0.0-beta04] AndroidManifest.xml:28:9-30:40
198            android:name="androidx.window.sidecar"
198-->[androidx.window:window:1.0.0-beta04] AndroidManifest.xml:29:13-51
199            android:required="false" />
199-->[androidx.window:window:1.0.0-beta04] AndroidManifest.xml:30:13-37
200
201        <receiver
201-->[com.google.firebase:firebase-messaging:23.0.6] AndroidManifest.xml:32:9-39:20
202            android:name="com.google.firebase.iid.FirebaseInstanceIdReceiver"
202-->[com.google.firebase:firebase-messaging:23.0.6] AndroidManifest.xml:33:13-78
203            android:exported="true"
203-->[com.google.firebase:firebase-messaging:23.0.6] AndroidManifest.xml:34:13-36
204            android:permission="com.google.android.c2dm.permission.SEND" >
204-->[com.google.firebase:firebase-messaging:23.0.6] AndroidManifest.xml:35:13-73
205            <intent-filter>
205-->[:firebase_messaging] AndroidManifest.xml:28:13-30:29
206                <action android:name="com.google.android.c2dm.intent.RECEIVE" />
206-->[:firebase_messaging] AndroidManifest.xml:29:17-81
206-->[:firebase_messaging] AndroidManifest.xml:29:25-78
207            </intent-filter>
208        </receiver>
209        <!--
210             FirebaseMessagingService performs security checks at runtime,
211             but set to not exported to explicitly avoid allowing another app to call it.
212        -->
213        <service
213-->[com.google.firebase:firebase-messaging:23.0.6] AndroidManifest.xml:45:9-52:19
214            android:name="com.google.firebase.messaging.FirebaseMessagingService"
214-->[com.google.firebase:firebase-messaging:23.0.6] AndroidManifest.xml:46:13-82
215            android:directBootAware="true"
215-->[com.google.firebase:firebase-messaging:23.0.6] AndroidManifest.xml:47:13-43
216            android:exported="false" >
216-->[com.google.firebase:firebase-messaging:23.0.6] AndroidManifest.xml:48:13-37
217            <intent-filter android:priority="-500" >
217-->[:firebase_messaging] AndroidManifest.xml:19:13-21:29
218                <action android:name="com.google.firebase.MESSAGING_EVENT" />
218-->[:firebase_messaging] AndroidManifest.xml:20:17-78
218-->[:firebase_messaging] AndroidManifest.xml:20:25-75
219            </intent-filter>
220        </service>
221
222        <provider
222-->[com.google.firebase:firebase-common:20.1.1] AndroidManifest.xml:26:9-31:39
223            android:name="com.google.firebase.provider.FirebaseInitProvider"
223-->[com.google.firebase:firebase-common:20.1.1] AndroidManifest.xml:27:13-77
224            android:authorities="com.bizzclain.fcl.firebaseinitprovider"
224-->[com.google.firebase:firebase-common:20.1.1] AndroidManifest.xml:28:13-72
225            android:directBootAware="true"
225-->[com.google.firebase:firebase-common:20.1.1] AndroidManifest.xml:29:13-43
226            android:exported="false"
226-->[com.google.firebase:firebase-common:20.1.1] AndroidManifest.xml:30:13-37
227            android:initOrder="100" />
227-->[com.google.firebase:firebase-common:20.1.1] AndroidManifest.xml:31:13-36
228
229        <receiver
229-->[com.google.android.gms:play-services-measurement:21.1.0] AndroidManifest.xml:29:9-33:20
230            android:name="com.google.android.gms.measurement.AppMeasurementReceiver"
230-->[com.google.android.gms:play-services-measurement:21.1.0] AndroidManifest.xml:30:13-85
231            android:enabled="true"
231-->[com.google.android.gms:play-services-measurement:21.1.0] AndroidManifest.xml:31:13-35
232            android:exported="false" >
232-->[com.google.android.gms:play-services-measurement:21.1.0] AndroidManifest.xml:32:13-37
233        </receiver>
234
235        <service
235-->[com.google.android.gms:play-services-measurement:21.1.0] AndroidManifest.xml:35:9-38:40
236            android:name="com.google.android.gms.measurement.AppMeasurementService"
236-->[com.google.android.gms:play-services-measurement:21.1.0] AndroidManifest.xml:36:13-84
237            android:enabled="true"
237-->[com.google.android.gms:play-services-measurement:21.1.0] AndroidManifest.xml:37:13-35
238            android:exported="false" />
238-->[com.google.android.gms:play-services-measurement:21.1.0] AndroidManifest.xml:38:13-37
239        <service
239-->[com.google.android.gms:play-services-measurement:21.1.0] AndroidManifest.xml:39:9-43:72
240            android:name="com.google.android.gms.measurement.AppMeasurementJobService"
240-->[com.google.android.gms:play-services-measurement:21.1.0] AndroidManifest.xml:40:13-87
241            android:enabled="true"
241-->[com.google.android.gms:play-services-measurement:21.1.0] AndroidManifest.xml:41:13-35
242            android:exported="false"
242-->[com.google.android.gms:play-services-measurement:21.1.0] AndroidManifest.xml:42:13-37
243            android:permission="android.permission.BIND_JOB_SERVICE" />
243-->[com.google.android.gms:play-services-measurement:21.1.0] AndroidManifest.xml:43:13-69
244
245        <activity
245-->[com.google.android.gms:play-services-base:18.0.1] AndroidManifest.xml:20:9-22:45
246            android:name="com.google.android.gms.common.api.GoogleApiActivity"
246-->[com.google.android.gms:play-services-base:18.0.1] AndroidManifest.xml:20:19-85
247            android:exported="false"
247-->[com.google.android.gms:play-services-base:18.0.1] AndroidManifest.xml:22:19-43
248            android:theme="@android:style/Theme.Translucent.NoTitleBar" />
248-->[com.google.android.gms:play-services-base:18.0.1] AndroidManifest.xml:21:19-78
249
250        <meta-data
250-->[com.google.android.gms:play-services-basement:18.0.0] AndroidManifest.xml:21:9-23:69
251            android:name="com.google.android.gms.version"
251-->[com.google.android.gms:play-services-basement:18.0.0] AndroidManifest.xml:22:13-58
252            android:value="@integer/google_play_services_version" />
252-->[com.google.android.gms:play-services-basement:18.0.0] AndroidManifest.xml:23:13-66
253
254        <service
254-->[com.google.android.datatransport:transport-backend-cct:3.1.6] AndroidManifest.xml:29:9-35:19
255            android:name="com.google.android.datatransport.runtime.backends.TransportBackendDiscovery"
255-->[com.google.android.datatransport:transport-backend-cct:3.1.6] AndroidManifest.xml:30:13-103
256            android:exported="false" >
256-->[com.google.android.datatransport:transport-backend-cct:3.1.6] AndroidManifest.xml:31:13-37
257            <meta-data
257-->[com.google.android.datatransport:transport-backend-cct:3.1.6] AndroidManifest.xml:32:13-34:39
258                android:name="backend:com.google.android.datatransport.cct.CctBackendFactory"
258-->[com.google.android.datatransport:transport-backend-cct:3.1.6] AndroidManifest.xml:33:17-94
259                android:value="cct" />
259-->[com.google.android.datatransport:transport-backend-cct:3.1.6] AndroidManifest.xml:34:17-36
260        </service>
261        <service
261-->[com.google.android.datatransport:transport-runtime:3.1.6] AndroidManifest.xml:26:9-30:19
262            android:name="com.google.android.datatransport.runtime.scheduling.jobscheduling.JobInfoSchedulerService"
262-->[com.google.android.datatransport:transport-runtime:3.1.6] AndroidManifest.xml:27:13-117
263            android:exported="false"
263-->[com.google.android.datatransport:transport-runtime:3.1.6] AndroidManifest.xml:28:13-37
264            android:permission="android.permission.BIND_JOB_SERVICE" >
264-->[com.google.android.datatransport:transport-runtime:3.1.6] AndroidManifest.xml:29:13-69
265        </service>
266
267        <receiver
267-->[com.google.android.datatransport:transport-runtime:3.1.6] AndroidManifest.xml:32:9-34:40
268            android:name="com.google.android.datatransport.runtime.scheduling.jobscheduling.AlarmManagerSchedulerBroadcastReceiver"
268-->[com.google.android.datatransport:transport-runtime:3.1.6] AndroidManifest.xml:33:13-132
269            android:exported="false" />
269-->[com.google.android.datatransport:transport-runtime:3.1.6] AndroidManifest.xml:34:13-37
270    </application>
271
272</manifest>